Jun 25, 2025 4:07:09 PM com.elisha.loggers.Loggers logServe
SEVERE: class java.lang.Class-com.mysql.cj.jdbc.exceptions.CommunicationsException: Communications link failure

The last packet sent successfully to the server was 0 milliseconds ago. The driver has not received any packets from the server.
Jun 25, 2025 4:07:24 PM com.elisha.loggers.Loggers logServe
SEVERE: class java.lang.Class-com.mysql.cj.jdbc.exceptions.CommunicationsException: Communications link failure

The last packet sent successfully to the server was 0 milliseconds ago. The driver has not received any packets from the server.
Jun 25, 2025 4:07:26 PM com.elisha.loggers.Loggers logServe
SEVERE: class java.lang.Class-com.mysql.cj.jdbc.exceptions.CommunicationsException: Communications link failure

The last packet sent successfully to the server was 0 milliseconds ago. The driver has not received any packets from the server.
Jun 25, 2025 4:07:27 PM com.elisha.loggers.Loggers logServe
SEVERE: class java.lang.Class-com.mysql.cj.jdbc.exceptions.CommunicationsException: Communications link failure

The last packet sent successfully to the server was 0 milliseconds ago. The driver has not received any packets from the server.
Jun 25, 2025 4:07:28 PM com.elisha.loggers.Loggers logServe
SEVERE: class java.lang.Class-com.mysql.cj.jdbc.exceptions.CommunicationsException: Communications link failure

The last packet sent successfully to the server was 0 milliseconds ago. The driver has not received any packets from the server.
Jun 25, 2025 4:07:29 PM com.elisha.loggers.Loggers logServe
SEVERE: class java.lang.Class-com.mysql.cj.jdbc.exceptions.CommunicationsException: Communications link failure

The last packet sent successfully to the server was 0 milliseconds ago. The driver has not received any packets from the server.
Jun 25, 2025 4:07:30 PM com.elisha.loggers.Loggers logServe
SEVERE: class java.lang.Class-com.mysql.cj.jdbc.exceptions.CommunicationsException: Communications link failure

The last packet sent successfully to the server was 0 milliseconds ago. The driver has not received any packets from the server.
Jun 25, 2025 4:07:31 PM com.elisha.loggers.Loggers logServe
SEVERE: class java.lang.Class-com.mysql.cj.jdbc.exceptions.CommunicationsException: Communications link failure

The last packet sent successfully to the server was 0 milliseconds ago. The driver has not received any packets from the server.
Jun 25, 2025 4:11:42 PM com.elisha.loggers.Loggers logServe
SEVERE: class java.lang.Class-com.mysql.cj.jdbc.exceptions.CommunicationsException: Communications link failure

The last packet sent successfully to the server was 0 milliseconds ago. The driver has not received any packets from the server.
Jun 25, 2025 6:38:27 PM com.elisha.loggers.Loggers logInfo
INFO: com.elisha.userDAO.User-Something Went Wrong Failed to createSatementTable 'elisha.users' doesn't exist
Jun 25, 2025 6:39:05 PM com.elisha.loggers.Loggers logInfo
INFO: com.elisha.userDAO.User-Something Went Wrong Failed to createSatementNo operations allowed after connection closed.
Jun 25, 2025 6:40:20 PM com.elisha.loggers.Loggers logInfo
INFO: com.elisha.userDAO.User-Something Went Wrong Failed to createSatementNo operations allowed after connection closed.
Jun 25, 2025 6:46:08 PM com.elisha.loggers.Loggers logInfo
INFO: com.elisha.userDAO.User-Something Went Wrong Failed to createSatementNo operations allowed after connection closed.
Jul 02, 2025 1:56:46 PM com.elisha.loggers.Loggers logInfo
INFO: com.elisha.userDAO.User-Something Went Wrong Failed to createSatementYou have an error in your SQL syntax; check the manual that corresponds to your MySQL server version for the right syntax to use near '-07-02%' at line 1
Jul 02, 2025 2:42:57 PM com.elisha.loggers.Loggers logInfo
INFO: com.elisha.userDAO.User-Something Went Wrong Failed to createSatementColumn 'id' not found.
Jul 02, 2025 2:48:40 PM com.elisha.loggers.Loggers logInfo
INFO: com.elisha.userDAO.User-Something Went Wrong Failed to createSatementColumn 'id' not found.
Jul 02, 2025 2:51:01 PM com.elisha.loggers.Loggers logInfo
INFO: com.elisha.userDAO.User-Something Went Wrong Failed to createSatementColumn 'id' not found.
Jul 16, 2025 5:53:06 PM com.elisha.loggers.Loggers logInfo
INFO: com.elisha.userDAO.Product-Something Went Wrong Failed to createSatementData truncation: Data too long for column 'path' at row 1
Jul 21, 2025 10:53:06 PM com.elisha.loggers.Loggers logInfo
INFO: com.elisha.dialog.UpdateProductDialog-Data truncation: Truncated incorrect DOUBLE value: 'Pink Long Frock'
Jul 22, 2025 2:04:28 AM com.elisha.loggers.Loggers logInfo
INFO: com.elisha.dialog.UpdateProductDialog-Update failed: Cannot add or update a child row: a foreign key constraint fails (`elisha_db`.`stock`, CONSTRAINT `fk_stock_status1` FOREIGN KEY (`status_id`) REFERENCES `status` (`id`))
Jul 22, 2025 5:01:50 PM com.elisha.loggers.Loggers logServe
SEVERE: com.elisha.panel.ManageCashier-You have an error in your SQL syntax; check the manual that corresponds to your MySQL server version for the right syntax to use near ''adamsmatth@gmail.com'' at line 1
Jul 22, 2025 5:01:51 PM com.elisha.loggers.Loggers logServe
SEVERE: com.elisha.panel.ManageCashier-You have an error in your SQL syntax; check the manual that corresponds to your MySQL server version for the right syntax to use near ''jacksonanna04@gmail.com'' at line 1
Jul 22, 2025 5:01:52 PM com.elisha.loggers.Loggers logServe
SEVERE: com.elisha.panel.ManageCashier-You have an error in your SQL syntax; check the manual that corresponds to your MySQL server version for the right syntax to use near ''jacksonanna04@gmail.com'' at line 1
Jul 22, 2025 5:04:16 PM com.elisha.loggers.Loggers logServe
SEVERE: com.elisha.panel.ManageCashier-You have an error in your SQL syntax; check the manual that corresponds to your MySQL server version for the right syntax to use near 'jacksonanna04@gmail.com' at line 1
Jul 22, 2025 5:04:17 PM com.elisha.loggers.Loggers logServe
SEVERE: com.elisha.panel.ManageCashier-You have an error in your SQL syntax; check the manual that corresponds to your MySQL server version for the right syntax to use near 'jacksonanna04@gmail.com' at line 1
Jul 22, 2025 5:04:17 PM com.elisha.loggers.Loggers logServe
SEVERE: com.elisha.panel.ManageCashier-You have an error in your SQL syntax; check the manual that corresponds to your MySQL server version for the right syntax to use near 'jacksonanna04@gmail.com' at line 1
Jul 22, 2025 5:05:31 PM com.elisha.loggers.Loggers logServe
SEVERE: com.elisha.panel.ManageCashier-You have an error in your SQL syntax; check the manual that corresponds to your MySQL server version for the right syntax to use near 'melvin9@gmail.com' at line 1
Jul 22, 2025 5:06:10 PM com.elisha.loggers.Loggers logServe
SEVERE: com.elisha.panel.ManageCashier-You have an error in your SQL syntax; check the manual that corresponds to your MySQL server version for the right syntax to use near '@gmail.com' at line 1
Jul 22, 2025 5:57:21 PM com.elisha.loggers.Loggers logServe
SEVERE: com.elisha.userDAO.User-Table 'elisha_db.user' doesn't exist
Jul 22, 2025 5:59:04 PM com.elisha.loggers.Loggers logServe
SEVERE: com.elisha.userDAO.User-Data truncation: Data too long for column 'mobile' at row 1
Jul 22, 2025 6:00:53 PM com.elisha.loggers.Loggers logServe
SEVERE: com.elisha.userDAO.User-Data truncation: Data too long for column 'mobile' at row 1
Jul 22, 2025 6:08:38 PM com.elisha.loggers.Loggers logServe
SEVERE: com.elisha.userDAO.User-Data truncation: Data too long for column 'mobile' at row 1
Jul 22, 2025 6:12:20 PM com.elisha.loggers.Loggers logServe
SEVERE: com.elisha.userDAO.User-Data truncation: Data too long for column 'mobile' at row 1
Jul 22, 2025 6:14:20 PM com.elisha.loggers.Loggers logServe
SEVERE: com.elisha.userDAO.User-Data truncation: Data too long for column 'mobile' at row 1
Jul 23, 2025 7:18:57 PM com.elisha.loggers.Loggers logServe
SEVERE: com.elisha.panel.ManageStocks-Column 'status_id' not found.
Jul 23, 2025 7:18:57 PM com.elisha.loggers.Loggers logServe
SEVERE: com.elisha.panel.ManageStocks-Column 'status_id' not found.
Jul 23, 2025 7:18:59 PM com.elisha.loggers.Loggers logServe
SEVERE: com.elisha.panel.ManageStocks-Column 'status_id' not found.
Jul 23, 2025 7:18:59 PM com.elisha.loggers.Loggers logServe
SEVERE: com.elisha.panel.ManageStocks-Column 'status_id' not found.
Jul 23, 2025 7:22:14 PM com.elisha.loggers.Loggers logServe
SEVERE: com.elisha.panel.ManageStocks-Column 'status_id' not found.
Jul 23, 2025 7:22:14 PM com.elisha.loggers.Loggers logServe
SEVERE: com.elisha.panel.ManageStocks-Column 'status_id' not found.
Jul 23, 2025 7:25:24 PM com.elisha.loggers.Loggers logServe
SEVERE: com.elisha.panel.ManageStocks-Column 'quantity' not found.
Jul 23, 2025 7:25:24 PM com.elisha.loggers.Loggers logServe
SEVERE: com.elisha.panel.ManageStocks-Column 'quantity' not found.
